{"level":"info","message":{"ip":"::1","method":"GET","url":"/pokemon"}}
{"level":"info","message":{"duration":55,"statusCode":304,"timestamp":"2024-02-16T11:19:23.813Z"}}
{"level":"info","message":{"ip":"::1","method":"GET","url":"/pokemon"}}
{"level":"info","message":{"duration":25,"statusCode":304,"timestamp":"2024-02-16T11:19:25.457Z"}}
{"level":"info","message":{"ip":"::1","method":"GET","url":"/pokemon/charmand"}}
{"level":"info","message":{"duration":3211,"statusCode":200,"timestamp":"2024-02-16T11:25:13.969Z"}}
{"level":"info","message":{"ip":"::1","method":"GET","url":"/pokemon/charmand"}}
{"level":"info","message":{"duration":506,"statusCode":304,"timestamp":"2024-02-16T11:27:19.606Z"}}
{"level":"info","message":{"ip":"::1","method":"GET","url":"/pokemon/charmand"}}
{"level":"info","message":{"duration":451,"statusCode":304,"timestamp":"2024-02-16T11:27:21.432Z"}}
{"level":"info","message":{"ip":"::1","method":"GET","url":"/pokemon/charman"}}
{"level":"info","message":{"duration":1935,"statusCode":200,"timestamp":"2024-02-16T11:27:25.270Z"}}
{"level":"info","message":{"ip":"::1","method":"GET","url":"/pokemon/charman"}}
{"level":"info","message":{"duration":527,"statusCode":304,"timestamp":"2024-02-16T11:35:25.646Z"}}
{"level":"info","message":{"ip":"::1","method":"GET","url":"/pokemon/charm"}}
{"level":"info","message":{"duration":2117,"statusCode":200,"timestamp":"2024-02-16T11:36:08.285Z"}}
{"level":"info","message":{"ip":"::1","method":"GET","url":"/pokemon"}}
{"level":"info","message":{"duration":29,"statusCode":304,"timestamp":"2024-02-16T11:37:13.426Z"}}
{"level":"info","message":{"ip":"::1","method":"GET","url":"/pokemon/charm"}}
{"level":"info","message":{"duration":476,"statusCode":500,"timestamp":"2024-02-16T11:37:44.010Z"}}
{"level":"info","message":{"ip":"::1","method":"GET","url":"/pokemons"}}
{"level":"info","message":{"duration":1,"statusCode":404,"timestamp":"2024-02-16T11:43:07.061Z"}}
{"level":"info","message":{"ip":"::1","method":"GET","url":"/pokemon"}}
{"level":"info","message":{"duration":45,"statusCode":200,"timestamp":"2024-02-16T11:43:46.615Z"}}
{"level":"info","message":{"ip":"::1","method":"GET","url":"/pokemons"}}
{"level":"info","message":{"duration":1,"statusCode":404,"timestamp":"2024-02-16T11:43:49.747Z"}}
{"level":"info","message":{"ip":"::1","method":"GET","url":"/pokemon/ch"}}
{"level":"info","message":{"duration":2070,"statusCode":500,"timestamp":"2024-02-16T11:44:03.169Z"}}
{"level":"info","message":{"ip":"::1","method":"GET","url":"/location/ditto"}}
{"level":"info","message":{"duration":102,"statusCode":200,"timestamp":"2024-02-16T11:56:25.671Z"}}
{"level":"info","message":{"ip":"::1","method":"GET","url":"/location/ditto"}}
{"level":"info","message":{"duration":102,"statusCode":200,"timestamp":"2024-02-16T11:58:38.070Z"}}
{"level":"info","message":{"ip":"::1","method":"GET","url":"/testApi"}}
{"level":"info","message":{"duration":7,"statusCode":200,"timestamp":"2024-02-16T12:51:08.728Z"}}
{"level":"info","message":{"ip":"::1","method":"GET","url":"/favicon.ico"}}
{"level":"info","message":{"duration":1,"statusCode":404,"timestamp":"2024-02-16T12:51:08.763Z"}}
{"level":"info","message":{"ip":"::1","method":"GET","url":"/api-docs"}}
{"level":"info","message":{"duration":4,"statusCode":301,"timestamp":"2024-02-16T12:51:18.220Z"}}
{"level":"info","message":{"ip":"::1","method":"GET","url":"/api-docs/"}}
{"level":"info","message":{"duration":3,"statusCode":200,"timestamp":"2024-02-16T12:51:18.226Z"}}
{"level":"info","message":{"ip":"::1","method":"GET","url":"/api-docs/swagger-ui.css"}}
{"level":"info","message":{"ip":"::1","method":"GET","url":"/api-docs/swagger-ui-bundle.js"}}
{"level":"info","message":{"ip":"::1","method":"GET","url":"/api-docs/swagger-ui-standalone-preset.js"}}
{"level":"info","message":{"ip":"::1","method":"GET","url":"/api-docs/swagger-ui-init.js"}}
{"level":"info","message":{"duration":1,"statusCode":200,"timestamp":"2024-02-16T12:51:18.251Z"}}
{"level":"info","message":{"duration":9,"statusCode":200,"timestamp":"2024-02-16T12:51:18.253Z"}}
{"level":"info","message":{"duration":7,"statusCode":200,"timestamp":"2024-02-16T12:51:18.256Z"}}
{"level":"info","message":{"duration":14,"statusCode":200,"timestamp":"2024-02-16T12:51:18.260Z"}}
{"level":"info","message":{"ip":"::1","method":"GET","url":"/api-docs/favicon-32x32.png"}}
{"level":"info","message":{"duration":2,"statusCode":200,"timestamp":"2024-02-16T12:51:18.372Z"}}
{"level":"info","message":{"ip":"::1","method":"GET","url":"/api-docs/"}}
{"level":"info","message":{"duration":4,"statusCode":304,"timestamp":"2024-02-16T12:52:43.310Z"}}
{"level":"info","message":{"ip":"::1","method":"GET","url":"/api-docs/swagger-ui.css"}}
{"level":"info","message":{"ip":"::1","method":"GET","url":"/api-docs/swagger-ui-standalone-preset.js"}}
{"level":"info","message":{"duration":2,"statusCode":304,"timestamp":"2024-02-16T12:52:43.332Z"}}
{"level":"info","message":{"duration":2,"statusCode":304,"timestamp":"2024-02-16T12:52:43.333Z"}}
{"level":"info","message":{"ip":"::1","method":"GET","url":"/api-docs/swagger-ui-init.js"}}
{"level":"info","message":{"duration":0,"statusCode":304,"timestamp":"2024-02-16T12:52:43.334Z"}}
{"level":"info","message":{"ip":"::1","method":"GET","url":"/api-docs/swagger-ui-bundle.js"}}
{"level":"info","message":{"duration":1,"statusCode":304,"timestamp":"2024-02-16T12:52:43.336Z"}}
{"level":"info","message":{"ip":"::1","method":"GET","url":"/api-docs/favicon-32x32.png"}}
{"level":"info","message":{"duration":0,"statusCode":304,"timestamp":"2024-02-16T12:52:43.386Z"}}
{"level":"info","message":{"ip":"::1","method":"GET","url":"/api-docs/"}}
{"level":"info","message":{"duration":9,"statusCode":304,"timestamp":"2024-02-16T12:58:53.788Z"}}
{"level":"info","message":{"ip":"::1","method":"GET","url":"/api-docs/swagger-ui.css"}}
{"level":"info","message":{"ip":"::1","method":"GET","url":"/api-docs/swagger-ui-standalone-preset.js"}}
{"level":"info","message":{"duration":2,"statusCode":304,"timestamp":"2024-02-16T12:58:53.815Z"}}
{"level":"info","message":{"duration":3,"statusCode":304,"timestamp":"2024-02-16T12:58:53.816Z"}}
{"level":"info","message":{"ip":"::1","method":"GET","url":"/api-docs/swagger-ui-init.js"}}
{"level":"info","message":{"duration":1,"statusCode":304,"timestamp":"2024-02-16T12:58:53.819Z"}}
{"level":"info","message":{"ip":"::1","method":"GET","url":"/api-docs/swagger-ui-bundle.js"}}
{"level":"info","message":{"duration":0,"statusCode":304,"timestamp":"2024-02-16T12:58:53.820Z"}}
{"level":"info","message":{"ip":"::1","method":"GET","url":"/api-docs/favicon-32x32.png"}}
{"level":"info","message":{"duration":1,"statusCode":304,"timestamp":"2024-02-16T12:58:53.883Z"}}
{"level":"info","message":{"ip":"::1","method":"GET","url":"/api-docs/"}}
{"level":"info","message":{"duration":8,"statusCode":304,"timestamp":"2024-02-16T13:03:01.607Z"}}
{"level":"info","message":{"ip":"::1","method":"GET","url":"/api-docs/swagger-ui.css"}}
{"level":"info","message":{"ip":"::1","method":"GET","url":"/api-docs/swagger-ui-bundle.js"}}
{"level":"info","message":{"duration":3,"statusCode":304,"timestamp":"2024-02-16T13:03:01.629Z"}}
{"level":"info","message":{"duration":3,"statusCode":304,"timestamp":"2024-02-16T13:03:01.630Z"}}
{"level":"info","message":{"ip":"::1","method":"GET","url":"/api-docs/swagger-ui-standalone-preset.js"}}
{"level":"info","message":{"duration":1,"statusCode":304,"timestamp":"2024-02-16T13:03:01.634Z"}}
{"level":"info","message":{"ip":"::1","method":"GET","url":"/api-docs/swagger-ui-init.js"}}
{"level":"info","message":{"duration":0,"statusCode":304,"timestamp":"2024-02-16T13:03:01.635Z"}}
{"level":"info","message":{"ip":"::1","method":"GET","url":"/api-docs/favicon-32x32.png"}}
{"level":"info","message":{"duration":0,"statusCode":304,"timestamp":"2024-02-16T13:03:01.695Z"}}
{"level":"info","message":{"ip":"::1","method":"GET","url":"/api-docs/"}}
{"level":"info","message":{"duration":9,"statusCode":304,"timestamp":"2024-02-16T13:07:27.967Z"}}
{"level":"info","message":{"ip":"::1","method":"GET","url":"/api-docs/swagger-ui.css"}}
{"level":"info","message":{"ip":"::1","method":"GET","url":"/api-docs/swagger-ui-bundle.js"}}
{"level":"info","message":{"duration":3,"statusCode":304,"timestamp":"2024-02-16T13:07:27.994Z"}}
{"level":"info","message":{"duration":2,"statusCode":304,"timestamp":"2024-02-16T13:07:27.995Z"}}
{"level":"info","message":{"ip":"::1","method":"GET","url":"/api-docs/swagger-ui-standalone-preset.js"}}
{"level":"info","message":{"ip":"::1","method":"GET","url":"/api-docs/swagger-ui-init.js"}}
{"level":"info","message":{"duration":1,"statusCode":304,"timestamp":"2024-02-16T13:07:27.998Z"}}
{"level":"info","message":{"duration":2,"statusCode":304,"timestamp":"2024-02-16T13:07:27.999Z"}}
{"level":"info","message":{"ip":"::1","method":"GET","url":"/api-docs/favicon-32x32.png"}}
{"level":"info","message":{"duration":1,"statusCode":304,"timestamp":"2024-02-16T13:07:28.055Z"}}
{"level":"info","message":{"ip":"::1","method":"GET","url":"/api-docs/"}}
{"level":"info","message":{"duration":10,"statusCode":304,"timestamp":"2024-02-16T13:09:25.234Z"}}
{"level":"info","message":{"ip":"::1","method":"GET","url":"/api-docs/swagger-ui.css"}}
{"level":"info","message":{"ip":"::1","method":"GET","url":"/api-docs/swagger-ui-bundle.js"}}
{"level":"info","message":{"duration":2,"statusCode":304,"timestamp":"2024-02-16T13:09:25.258Z"}}
{"level":"info","message":{"duration":3,"statusCode":304,"timestamp":"2024-02-16T13:09:25.260Z"}}
{"level":"info","message":{"ip":"::1","method":"GET","url":"/api-docs/swagger-ui-standalone-preset.js"}}
{"level":"info","message":{"ip":"::1","method":"GET","url":"/api-docs/swagger-ui-init.js"}}
{"level":"info","message":{"duration":1,"statusCode":200,"timestamp":"2024-02-16T13:09:25.265Z"}}
{"level":"info","message":{"duration":3,"statusCode":304,"timestamp":"2024-02-16T13:09:25.266Z"}}
{"level":"info","message":{"ip":"::1","method":"GET","url":"/api-docs/favicon-32x32.png"}}
{"level":"info","message":{"duration":0,"statusCode":304,"timestamp":"2024-02-16T13:09:25.329Z"}}
{"level":"info","message":{"ip":"::1","method":"GET","url":"/api-docs/"}}
{"level":"info","message":{"duration":10,"statusCode":304,"timestamp":"2024-02-16T13:10:31.071Z"}}
{"level":"info","message":{"ip":"::1","method":"GET","url":"/api-docs/swagger-ui.css"}}
{"level":"info","message":{"ip":"::1","method":"GET","url":"/api-docs/swagger-ui-bundle.js"}}
{"level":"info","message":{"duration":2,"statusCode":304,"timestamp":"2024-02-16T13:10:31.098Z"}}
{"level":"info","message":{"duration":3,"statusCode":304,"timestamp":"2024-02-16T13:10:31.100Z"}}
{"level":"info","message":{"ip":"::1","method":"GET","url":"/api-docs/swagger-ui-standalone-preset.js"}}
{"level":"info","message":{"ip":"::1","method":"GET","url":"/api-docs/swagger-ui-init.js"}}
{"level":"info","message":{"duration":1,"statusCode":304,"timestamp":"2024-02-16T13:10:31.104Z"}}
{"level":"info","message":{"duration":2,"statusCode":304,"timestamp":"2024-02-16T13:10:31.105Z"}}
{"level":"info","message":{"ip":"::1","method":"GET","url":"/api-docs/favicon-32x32.png"}}
{"level":"info","message":{"duration":0,"statusCode":304,"timestamp":"2024-02-16T13:10:31.167Z"}}
{"level":"info","message":{"ip":"::1","method":"GET","url":"/api-docs/"}}
{"level":"info","message":{"duration":9,"statusCode":304,"timestamp":"2024-02-16T13:10:44.763Z"}}
{"level":"info","message":{"ip":"::1","method":"GET","url":"/api-docs/swagger-ui.css"}}
{"level":"info","message":{"ip":"::1","method":"GET","url":"/api-docs/swagger-ui-bundle.js"}}
{"level":"info","message":{"duration":2,"statusCode":304,"timestamp":"2024-02-16T13:10:44.786Z"}}
{"level":"info","message":{"duration":2,"statusCode":304,"timestamp":"2024-02-16T13:10:44.787Z"}}
{"level":"info","message":{"ip":"::1","method":"GET","url":"/api-docs/swagger-ui-standalone-preset.js"}}
{"level":"info","message":{"duration":1,"statusCode":304,"timestamp":"2024-02-16T13:10:44.791Z"}}
{"level":"info","message":{"ip":"::1","method":"GET","url":"/api-docs/swagger-ui-init.js"}}
{"level":"info","message":{"duration":1,"statusCode":304,"timestamp":"2024-02-16T13:10:44.793Z"}}
{"level":"info","message":{"ip":"::1","method":"GET","url":"/api-docs/favicon-32x32.png"}}
{"level":"info","message":{"duration":1,"statusCode":304,"timestamp":"2024-02-16T13:10:44.853Z"}}
{"level":"info","message":{"ip":"::1","method":"GET","url":"/api-docs/"}}
{"level":"info","message":{"duration":1,"statusCode":304,"timestamp":"2024-02-16T13:10:46.069Z"}}
{"level":"info","message":{"ip":"::1","method":"GET","url":"/api-docs/swagger-ui.css"}}
{"level":"info","message":{"ip":"::1","method":"GET","url":"/api-docs/swagger-ui-bundle.js"}}
{"level":"info","message":{"ip":"::1","method":"GET","url":"/api-docs/swagger-ui-standalone-preset.js"}}
{"level":"info","message":{"ip":"::1","method":"GET","url":"/api-docs/swagger-ui-init.js"}}
{"level":"info","message":{"duration":0,"statusCode":304,"timestamp":"2024-02-16T13:10:46.090Z"}}
{"level":"info","message":{"duration":6,"statusCode":304,"timestamp":"2024-02-16T13:10:46.091Z"}}
{"level":"info","message":{"duration":5,"statusCode":304,"timestamp":"2024-02-16T13:10:46.092Z"}}
{"level":"info","message":{"duration":4,"statusCode":304,"timestamp":"2024-02-16T13:10:46.093Z"}}
{"level":"info","message":{"ip":"::1","method":"GET","url":"/api-docs/favicon-32x32.png"}}
{"level":"info","message":{"duration":1,"statusCode":304,"timestamp":"2024-02-16T13:10:46.141Z"}}
{"level":"info","message":{"ip":"::1","method":"GET","url":"/api-docs/"}}
{"level":"info","message":{"duration":12,"statusCode":304,"timestamp":"2024-02-16T13:12:25.226Z"}}
{"level":"info","message":{"ip":"::1","method":"GET","url":"/api-docs/swagger-ui.css"}}
{"level":"info","message":{"ip":"::1","method":"GET","url":"/api-docs/swagger-ui-bundle.js"}}
{"level":"info","message":{"ip":"::1","method":"GET","url":"/api-docs/swagger-ui-init.js"}}
{"level":"info","message":{"duration":0,"statusCode":200,"timestamp":"2024-02-16T13:12:25.254Z"}}
{"level":"info","message":{"ip":"::1","method":"GET","url":"/api-docs/swagger-ui-standalone-preset.js"}}
{"level":"info","message":{"duration":10,"statusCode":200,"timestamp":"2024-02-16T13:12:25.257Z"}}
{"level":"info","message":{"duration":6,"statusCode":200,"timestamp":"2024-02-16T13:12:25.262Z"}}
{"level":"info","message":{"duration":15,"statusCode":200,"timestamp":"2024-02-16T13:12:25.265Z"}}
{"level":"info","message":{"ip":"::1","method":"GET","url":"/api-docs/"}}
{"level":"info","message":{"duration":9,"statusCode":304,"timestamp":"2024-02-16T13:12:36.931Z"}}
{"level":"info","message":{"ip":"::1","method":"GET","url":"/api-docs/swagger-ui.css"}}
{"level":"info","message":{"ip":"::1","method":"GET","url":"/api-docs/swagger-ui-bundle.js"}}
{"level":"info","message":{"duration":3,"statusCode":304,"timestamp":"2024-02-16T13:12:36.952Z"}}
{"level":"info","message":{"duration":3,"statusCode":304,"timestamp":"2024-02-16T13:12:36.953Z"}}
{"level":"info","message":{"ip":"::1","method":"GET","url":"/api-docs/swagger-ui-init.js"}}
{"level":"info","message":{"duration":1,"statusCode":200,"timestamp":"2024-02-16T13:12:36.957Z"}}
{"level":"info","message":{"ip":"::1","method":"GET","url":"/api-docs/swagger-ui-standalone-preset.js"}}
{"level":"info","message":{"duration":1,"statusCode":304,"timestamp":"2024-02-16T13:12:36.959Z"}}
{"level":"info","message":{"ip":"::1","method":"GET","url":"/api-docs/favicon-32x32.png"}}
{"level":"info","message":{"duration":4,"statusCode":200,"timestamp":"2024-02-16T13:12:37.025Z"}}
{"level":"info","message":{"ip":"::1","method":"GET","url":"/pokemon"}}
{"level":"info","message":{"duration":133,"statusCode":200,"timestamp":"2024-02-16T13:12:46.999Z"}}
{"level":"info","message":{"ip":"::1","method":"GET","url":"/pokemon/charmander"}}
{"level":"info","message":{"duration":62,"statusCode":200,"timestamp":"2024-02-16T13:13:04.835Z"}}
{"level":"info","message":{"ip":"::1","method":"GET","url":"/location/charmander"}}
{"level":"info","message":{"duration":58,"statusCode":200,"timestamp":"2024-02-16T13:13:24.158Z"}}
{"level":"info","message":{"ip":"::1","method":"GET","url":"/location/genger"}}
{"level":"info","message":{"duration":2122,"statusCode":500,"timestamp":"2024-02-16T13:13:42.592Z"}}
